2025-02-06 15:33:46 [main] INFO  Main - Початок стрибків. Кількість учасників: 7
2025-02-06 15:34:07 [main] INFO  Main - Закінчення стрибків. Переможець: Cherry
2025-02-06 15:36:42 [main] INFO  Main - Початок стрибків. Кількість учасників: 7
2025-02-06 15:37:03 [main] INFO  Main - Закінчення стрибків. Переможець: Cherry
2025-02-06 15:38:15 [main] INFO  Main - Початок стрибків. Кількість учасників: 7
2025-02-06 15:38:36 [main] INFO  Main - Закінчення стрибків. Переможець: Cherry
2025-02-06 15:41:47 [main] DEBUG Horse - Створення Horse, ім'я [Bucephalus], швидкість [2.4]
2025-02-06 15:41:47 [main] DEBUG Horse - Створення Horse, ім'я [Ace of Spades], швидкість [2.5]
2025-02-06 15:41:47 [main] DEBUG Horse - Створення Horse, ім'я [Zephyr], швидкість [2.6]
2025-02-06 15:41:47 [main] DEBUG Horse - Створення Horse, ім'я [Blaze], швидкість [2.7]
2025-02-06 15:41:47 [main] DEBUG Horse - Створення Horse, ім'я [Lobster], швидкість [2.8]
2025-02-06 15:41:47 [main] DEBUG Horse - Створення Horse, ім'я [Pegasus], швидкість [2.9]
2025-02-06 15:41:47 [main] DEBUG Horse - Створення Horse, ім'я [Cherry], швидкість [3.0]
2025-02-06 15:41:47 [main] DEBUG Hippodrome - Створення Hippodrome, коней [7]
2025-02-06 15:41:47 [main] INFO  Main - Початок стрибків. Кількість учасників: 7
2025-02-06 15:42:07 [main] INFO  Main - Закінчення стрибків. Переможець: Cherry
2025-02-06 15:45:38,914 DEBUG Horse - Створення Horse, ім'я [Bucephalus], швидкість [2.4]
2025-02-06 15:45:38,925 DEBUG Horse - Створення Horse, ім'я [Ace of Spades], швидкість [2.5]
2025-02-06 15:45:38,927 DEBUG Horse - Створення Horse, ім'я [Zephyr], швидкість [2.6]
2025-02-06 15:45:38,929 DEBUG Horse - Створення Horse, ім'я [Blaze], швидкість [2.7]
2025-02-06 15:45:38,929 DEBUG Horse - Створення Horse, ім'я [Lobster], швидкість [2.8]
2025-02-06 15:45:38,930 DEBUG Horse - Створення Horse, ім'я [Pegasus], швидкість [2.9]
2025-02-06 15:45:38,930 DEBUG Horse - Створення Horse, ім'я [Cherry], швидкість [3.0]
2025-02-06 15:45:38,934 DEBUG Hippodrome - Створення Hippodrome, коней [7]
2025-02-06 15:45:38,934 INFO  Main - Початок стрибків. Кількість учасників: 7
2025-02-06 15:45:59,561 INFO  Main - Закінчення стрибків. Переможець: Pegasus
2025-02-06 15:46:55,113 DEBUG Horse - Створення Horse, ім'я [Bucephalus], швидкість [2.4]
2025-02-06 15:46:55,124 DEBUG Horse - Створення Horse, ім'я [Ace of Spades], швидкість [2.5]
2025-02-06 15:46:55,125 DEBUG Horse - Створення Horse, ім'я [Zephyr], швидкість [2.6]
2025-02-06 15:46:55,126 DEBUG Horse - Створення Horse, ім'я [Blaze], швидкість [2.7]
2025-02-06 15:46:55,126 DEBUG Horse - Створення Horse, ім'я [Lobster], швидкість [2.8]
2025-02-06 15:46:55,127 DEBUG Horse - Створення Horse, ім'я [Pegasus], швидкість [2.9]
2025-02-06 15:46:55,127 DEBUG Horse - Створення Horse, ім'я [Cherry], швидкість [3.0]
2025-02-06 15:46:55,130 DEBUG Hippodrome - Створення Hippodrome, коней [7]
2025-02-06 15:46:55,131 INFO  Main - Початок стрибків. Кількість учасників: 7
2025-02-06 15:47:15,766 INFO  Main - Закінчення стрибків. Переможець: Cherry
